  Moc'ing uppercomputer.h...
  Uic'ing uppercomputer.ui...
E:\visual_servoing\uppercomputer\uppercomputer\uppercomputer.ui : warning : The name 'layoutWidget' (QWidget) is already in use, defaulting to 'layoutWidget1'.
E:\visual_servoing\uppercomputer\uppercomputer\uppercomputer.ui : warning : The name 'layoutWidget' (QWidget) is already in use, defaulting to 'layoutWidget2'.
  Moc'ing camerathread.h...
  Moc'ing featurethread.h...
  moc_camerathread.cpp
D:\opencv\build\include\opencv2/core/mat.hpp(2586): warning C4819: The file contains a character that cannot be represented in the current code page (936). Save the file in Unicode format to prevent data loss
D:\opencv\build\include\opencv2/core/persistence.hpp : warning C4819: The file contains a character that cannot be represented in the current code page (936). Save the file in Unicode format to prevent data loss
D:\opencv\build\include\opencv2/core/utility.hpp : warning C4819: The file contains a character that cannot be represented in the current code page (936). Save the file in Unicode format to prevent data loss
D:\opencv\build\include\opencv2/core/utility.hpp : warning C4819: The file contains a character that cannot be represented in the current code page (936). Save the file in Unicode format to prevent data loss
D:\opencv\build\include\opencv2/imgproc.hpp(592): warning C4819: The file contains a character that cannot be represented in the current code page (936). Save the file in Unicode format to prevent data loss
  moc_featurethread.cpp
D:\opencv\build\include\opencv2/core/mat.hpp(2586): warning C4819: The file contains a character that cannot be represented in the current code page (936). Save the file in Unicode format to prevent data loss
D:\opencv\build\include\opencv2/core/persistence.hpp : warning C4819: The file contains a character that cannot be represented in the current code page (936). Save the file in Unicode format to prevent data loss
D:\opencv\build\include\opencv2/core/utility.hpp : warning C4819: The file contains a character that cannot be represented in the current code page (936). Save the file in Unicode format to prevent data loss
D:\opencv\build\include\opencv2/core/utility.hpp : warning C4819: The file contains a character that cannot be represented in the current code page (936). Save the file in Unicode format to prevent data loss
D:\opencv\build\include\opencv2/imgproc.hpp(592): warning C4819: The file contains a character that cannot be represented in the current code page (936). Save the file in Unicode format to prevent data loss
  moc_uppercomputer.cpp
D:\opencv\build\include\opencv2/core/mat.hpp(2586): warning C4819: The file contains a character that cannot be represented in the current code page (936). Save the file in Unicode format to prevent data loss
D:\opencv\build\include\opencv2/core/persistence.hpp : warning C4819: The file contains a character that cannot be represented in the current code page (936). Save the file in Unicode format to prevent data loss
D:\opencv\build\include\opencv2/core/utility.hpp : warning C4819: The file contains a character that cannot be represented in the current code page (936). Save the file in Unicode format to prevent data loss
D:\opencv\build\include\opencv2/core/utility.hpp : warning C4819: The file contains a character that cannot be represented in the current code page (936). Save the file in Unicode format to prevent data loss
D:\opencv\build\include\opencv2/imgproc.hpp(592): warning C4819: The file contains a character that cannot be represented in the current code page (936). Save the file in Unicode format to prevent data loss
  camerathread.cpp
D:\opencv\build\include\opencv2/core/mat.hpp(2586): warning C4819: The file contains a character that cannot be represented in the current code page (936). Save the file in Unicode format to prevent data loss
D:\opencv\build\include\opencv2/core/persistence.hpp : warning C4819: The file contains a character that cannot be represented in the current code page (936). Save the file in Unicode format to prevent data loss
D:\opencv\build\include\opencv2/core/utility.hpp : warning C4819: The file contains a character that cannot be represented in the current code page (936). Save the file in Unicode format to prevent data loss
D:\opencv\build\include\opencv2/core/utility.hpp : warning C4819: The file contains a character that cannot be represented in the current code page (936). Save the file in Unicode format to prevent data loss
D:\opencv\build\include\opencv2/imgproc.hpp(592): warning C4819: The file contains a character that cannot be represented in the current code page (936). Save the file in Unicode format to prevent data loss
camerathread.cpp(51): error C2248: 'openni::VideoStream::operator =': cannot access private member declared in class 'openni::VideoStream'
  D:\openni\Include\OpenNI.h(1218): note: see declaration of 'openni::VideoStream::operator ='
  D:\openni\Include\OpenNI.h(646): note: see declaration of 'openni::VideoStream'
  featurethread.cpp
D:\opencv\build\include\opencv2/core/mat.hpp(2586): warning C4819: The file contains a character that cannot be represented in the current code page (936). Save the file in Unicode format to prevent data loss
D:\opencv\build\include\opencv2/core/persistence.hpp : warning C4819: The file contains a character that cannot be represented in the current code page (936). Save the file in Unicode format to prevent data loss
D:\opencv\build\include\opencv2/core/utility.hpp : warning C4819: The file contains a character that cannot be represented in the current code page (936). Save the file in Unicode format to prevent data loss
D:\opencv\build\include\opencv2/core/utility.hpp : warning C4819: The file contains a character that cannot be represented in the current code page (936). Save the file in Unicode format to prevent data loss
D:\opencv\build\include\opencv2/imgproc.hpp(592): warning C4819: The file contains a character that cannot be represented in the current code page (936). Save the file in Unicode format to prevent data loss
featurethread.cpp(16): error C2065: 'g_imagelock': undeclared identifier
featurethread.cpp(16): error C2228: left of '.lockForRead' must have class/struct/union
  featurethread.cpp(16): note: type is 'unknown-type'
featurethread.cpp(17): error C2065: 'g_featureimg': undeclared identifier
featurethread.cpp(18): error C2065: 'g_imagelock': undeclared identifier
featurethread.cpp(18): error C2228: left of '.unlock' must have class/struct/union
  featurethread.cpp(18): note: type is 'unknown-type'
featurethread.cpp(36): error C2065: 'g_featurelock': undeclared identifier
featurethread.cpp(36): error C2228: left of '.lockForWrite' must have class/struct/union
  featurethread.cpp(36): note: type is 'unknown-type'
featurethread.cpp(37): error C2065: 'g_featurex': undeclared identifier
featurethread.cpp(38): error C2065: 'g_featurey': undeclared identifier
featurethread.cpp(39): error C2065: 'g_featurearea': undeclared identifier
featurethread.cpp(41): error C2065: 'g_featureang': undeclared identifier
featurethread.cpp(42): error C2065: 'g_featurelock': undeclared identifier
featurethread.cpp(42): error C2228: left of '.unlock' must have class/struct/union
  featurethread.cpp(42): note: type is 'unknown-type'
  main.cpp
D:\opencv\build\include\opencv2/core/mat.hpp(2586): warning C4819: The file contains a character that cannot be represented in the current code page (936). Save the file in Unicode format to prevent data loss
D:\opencv\build\include\opencv2/core/persistence.hpp : warning C4819: The file contains a character that cannot be represented in the current code page (936). Save the file in Unicode format to prevent data loss
D:\opencv\build\include\opencv2/core/utility.hpp : warning C4819: The file contains a character that cannot be represented in the current code page (936). Save the file in Unicode format to prevent data loss
D:\opencv\build\include\opencv2/core/utility.hpp : warning C4819: The file contains a character that cannot be represented in the current code page (936). Save the file in Unicode format to prevent data loss
D:\opencv\build\include\opencv2/imgproc.hpp(592): warning C4819: The file contains a character that cannot be represented in the current code page (936). Save the file in Unicode format to prevent data loss
  uppercomputer.cpp
D:\opencv\build\include\opencv2/core/mat.hpp(2586): warning C4819: The file contains a character that cannot be represented in the current code page (936). Save the file in Unicode format to prevent data loss
D:\opencv\build\include\opencv2/core/persistence.hpp : warning C4819: The file contains a character that cannot be represented in the current code page (936). Save the file in Unicode format to prevent data loss
D:\opencv\build\include\opencv2/core/utility.hpp : warning C4819: The file contains a character that cannot be represented in the current code page (936). Save the file in Unicode format to prevent data loss
D:\opencv\build\include\opencv2/core/utility.hpp : warning C4819: The file contains a character that cannot be represented in the current code page (936). Save the file in Unicode format to prevent data loss
D:\opencv\build\include\opencv2/imgproc.hpp(592): warning C4819: The file contains a character that cannot be represented in the current code page (936). Save the file in Unicode format to prevent data loss
uppercomputer.cpp(44): error C2065: 'g_imagelock': undeclared identifier
uppercomputer.cpp(44): error C2228: left of '.lockForRead' must have class/struct/union
  uppercomputer.cpp(44): note: type is 'unknown-type'
uppercomputer.cpp(45): error C2065: 'g_originimg': undeclared identifier
uppercomputer.cpp(45): error C2228: left of '.data' must have class/struct/union
  uppercomputer.cpp(45): note: type is 'unknown-type'
uppercomputer.cpp(45): error C2228: left of '.cols' must have class/struct/union
  uppercomputer.cpp(45): note: type is 'unknown-type'
uppercomputer.cpp(45): error C2228: left of '.rows' must have class/struct/union
  uppercomputer.cpp(45): note: type is 'unknown-type'
uppercomputer.cpp(45): error C2228: left of '.channels' must have class/struct/union
  uppercomputer.cpp(45): note: type is 'unknown-type'
uppercomputer.cpp(45): error C2440: '<function-style-cast>': cannot convert from 'QImage::Format' to 'QImage'
  uppercomputer.cpp(45): note: No constructor could take the source type, or constructor overload resolution was ambiguous
uppercomputer.cpp(46): error C2065: 'g_featureimg': undeclared identifier
uppercomputer.cpp(46): error C2228: left of '.data' must have class/struct/union
  uppercomputer.cpp(46): note: type is 'unknown-type'
uppercomputer.cpp(46): error C2228: left of '.cols' must have class/struct/union
  uppercomputer.cpp(46): note: type is 'unknown-type'
uppercomputer.cpp(46): error C2228: left of '.rows' must have class/struct/union
  uppercomputer.cpp(46): note: type is 'unknown-type'
uppercomputer.cpp(46): error C2228: left of '.channels' must have class/struct/union
  uppercomputer.cpp(46): note: type is 'unknown-type'
uppercomputer.cpp(46): error C2440: '<function-style-cast>': cannot convert from 'QImage::Format' to 'QImage'
  uppercomputer.cpp(46): note: No constructor could take the source type, or constructor overload resolution was ambiguous
uppercomputer.cpp(47): error C2065: 'g_imagelock': undeclared identifier
uppercomputer.cpp(47): error C2228: left of '.unlock' must have class/struct/union
  uppercomputer.cpp(47): note: type is 'unknown-type'
uppercomputer.cpp(61): error C2065: 'g_cam': undeclared identifier
uppercomputer.cpp(61): error C2228: left of '.initialize' must have class/struct/union
  uppercomputer.cpp(61): note: type is 'unknown-type'
uppercomputer.cpp(61): error C2065: 'g_deviceparam': undeclared identifier
uppercomputer.cpp(61): error C2065: 'g_oniColorStreamparam': undeclared identifier
uppercomputer.cpp(74): error C2065: 'g_featurex': undeclared identifier
uppercomputer.cpp(75): error C2065: 'g_featurey': undeclared identifier
uppercomputer.cpp(76): error C2065: 'g_featurearea': undeclared identifier
uppercomputer.cpp(77): error C2065: 'g_featureang': undeclared identifier
  Generating Code...
